START TIME: 2021-08-30 11:04:15

--|                           
--| ALYA  START ALYA FOR PROBLEM: TS-SLAB-HEX08-BULK
--|                           
--| ALYA  READ PROBLEM DATA
--| ALYA  CHECK MPI. 1 MASTER + 23 SUBDOMAINS
--| ALYA  MPI IS WORKING WELL
--| ALYA  STREAMS PER GPU: 1
--| ALYA  START READ MESH ARRAYS
--| ALYA     READ ELEMENT  TYPE
--| ALYA     READ COORDINATE
--| ALYA     READ ELEMENT  CONNECTIVITY
--| ALYA     READ MATERIAL
--| ALYA     READ BOUNDARY CONNECTIVITY, TYPE AND ELEMENT
--| ALYA     !!! WARNING: Empty SETS...END_SETS in dom.dat. Likely missing ELEME, BOUND, or NODES.
--| ALYA     !!! WARNING: KERNEL WILL EXTRAPOLATE FROM BOUNDARY CODES TO NODE CODES
--| ALYA     READ BOUNDARY CODES ON BOUNDARIES
--| ALYA  END READ MESH ARRAYS
--| ALYA  MASTER COMPUTES GRAPH TO CARRY OUT PARTITONING AND GATHERING OF ARRAYS
--| ALYA  START MESH PARTITION (# OF SUBDOMAINS= 23)
--| ALYA     PARALL PREPROCESS -->    ALLOCATE MEMORY...
--| ALYA     PARALL PREPROCESS -->    SET WEIGHTS...
--| ALYA     MASTER COMPUTES ELEMENT GRAPH
--| ALYA     MASTER FOUND 0 EDGES AND 6 MAX # EDGES/ELEMENT
--| ALYA     MASTER PARTITIONS ELEMENT GRAPH WITH METIS USING FACE CONNECTIVITY
--| ALYA     MASTER COMPUTES COMMUNICATION STRATEGY
--| ALYA     MASTER ORDERS INTERIOR AND BOUNDARY NODES
--| ALYA     MASTER COMPUTES PERMUTATION ARRAYS
--| ALYA     MASTER/SLAVES EXCHANGE MESH AND PARTITION DATA
--| ALYA     PARALL PREPROCESS -->      S/R  2 - TOT 23
--| ALYA     PARALL PREPROCESS -->      S/R  4 - TOT 23
--| ALYA     PARALL PREPROCESS -->      S/R  6 - TOT 23
--| ALYA     PARALL PREPROCESS -->      S/R  8 - TOT 23
--| ALYA     PARALL PREPROCESS -->      S/R  10 - TOT 23
--| ALYA     PARALL PREPROCESS -->      S/R  12 - TOT 23
--| ALYA     PARALL PREPROCESS -->      S/R  14 - TOT 23
--| ALYA     PARALL PREPROCESS -->      S/R  16 - TOT 23
--| ALYA     PARALL PREPROCESS -->      S/R  18 - TOT 23
--| ALYA     PARALL PREPROCESS -->      S/R  20 - TOT 23
--| ALYA     PARALL PREPROCESS -->      S/R  22 - TOT 23
--| ALYA     PARALL PREPROCESS -->    SEND/REC  23 - TOTAL 23
--| ALYA     PARALL PREPROCESS -->       COORD, LTYPE, LNODS, LTYPB, LNODB...
--| ALYA     PARALL PREPROCESS -->       LELBO...
--| ALYA     PARALL PREPROCESS -->       KFL_FIELD, XFIEL, TIME_FIELD,...
--| ALYA     PARALL PREPROCESS -->       SET DATA...
--| ALYA     PARALL PREPROCESS -->       BC DATA...
--| ALYA     PARALL PREPROCESS -->       COMMUNICATION ARRAYS...
--| ALYA     PARALL PREPROCESS -->    SEND DATA TO SLAVES... DONE.
--| ALYA  END MESH PARTITION
--| ALYA  KERMOD: READ DATA
--| ALYA  START CONSTRUCT DOMAIN
--| ALYA     NODE RENUMBERING WITH METIS
--| ALYA     PARALL: COMPUTE INTER-COLOR COMMUNICATORS
--| ALYA     PARALL: COMPUTE BIN STRUCTURE FOR PARTITIONS
--| ALYA     COMPUTE BIN STRUCTURE OF PARTITIONS
--| ALYA     COMPUTE GRAPH
--| ALYA     COMPUTE EXTENDED GRAPH
--| ALYA     COMPUTE EDGE DATA STRUCTURES
--| ALYA     CHECK ELEMENT ORDERING
--| ALYA     CHECK BOUNDARY ORDERING
--| ALYA     PARALL: GET HALO GEOMETRY
--| ALYA     PARALL: COMPUTE GRAPH FOR OWN NODES (FOR FULL ROW MATRIX FORMAT)
--| ALYA     PARALL: CREATE INTRA-ZONE COMMUNICATION ARRAY
--| ALYA     PARALL: CREATE INTRA-SUBDOMAIN COMMUNICATION ARRAY
--| ALYA     PARALL: COMPUTE FULL ROW COMMUNICATOR FOR COMPUTATIONAL HALO EXCHANGE
--| ALYA     ELSEST PREPROCESS
--| ALYA     COMPUTE LUMPED MASS MATRIX
--| ALYA     COMPUTE CLOSED MASS MATRIX
--| ALYA     COMPUTE EXTERIOR NORMALS
--| ALYA     EXTRAPOLATE BOUNDARY CODES TO NODE CODES
--| ALYA     START OUTPUT MESH
--| ALYA     END OUTPUT MESH
--| ALYA  END CONSTRUCT DOMAIN
--| ALYA  START MODULE INITIALIZATION
--| ALYA     MAGNET: READ DATA
 DOFs =       669780
--| ALYA  END MODULE INITIALIZATION
--| ALYA  START HYBRID PARALLELIZATION & VECTORIZATION (ELEMENTS)
--| ALYA     NO VECTORIZATION
--| ALYA     MAX NUMBER OF ELEMENT TYPES DETECTED= 1
--| ALYA     OPENMP/OMPSS DESACTIVATED IN ALL LOOPS
--| ALYA  END HYBRID PARALLELIZATION & VECTORIZATION (ELEMENTS)
--| ALYA  START HYBRID PARALLELIZATION & VECTORIZATION (BOUNDARIES)
--| ALYA     NO VECTORIZATION
--| ALYA     MAX NUMBER OF BOUNDARY TYPES DETECTED= 1
--| ALYA     OPENMP/OMPSS DESACTIVATED IN ALL LOOPS
--| ALYA  END HYBRID PARALLELIZATION & VECTORIZATION (BOUNDARIES)
--| ALYA  START SOLVER INITIALIZATION
--| ALYA     MAGNET: CONJUGATE GRADIENT FOR MAGNET
--| ALYA  END SOLVER INITIALIZATION
--| ALYA  KERMOD: INITIAL SOLUTION
--| ALYA  START INITIAL SOLUTION
--| ALYA     MAGNET
--| ALYA  END INITIAL SOLUTION
--| ALYA  START TIME STEP 1, t=  5.000000E-08
    1. ls Iter. = 20000   ls Res. =  0.2079E-07  gloRes =  0.2352E-07  relRes =  0.7936E-01  solVar =  0.9656E+00  Hnorm =  0.1154E+04
    2. ls Iter. = 20000   ls Res. =  0.3882E-01  gloRes =  0.1038E-14  relRes =  0.3502E-08  solVar =  0.2786E-03  Hnorm =  0.1154E+04
 hola
    3. ls Iter. = 20000   ls Res. =  0.2168E+00  gloRes =  0.4001E-16  relRes =  0.1350E-09  solVar =  0.1669E-04  Hnorm =  0.1154E+04
 hola
 hola
 hola
 hola
 hola
 hola
 hola
 hola
 hola
 hola
 hola
 hola
 hola
 hola
 hola
 hola
 hola
 hola
 hola
 hola
 hola
 hola
 hola
    4. ls Iter. = 20000   ls Res. =  0.4354E-01  gloRes =  0.8748E-17  relRes =  0.2952E-10  solVar =  0.1287E-05  Hnorm =  0.1154E+04
    Next Time Step =     2 t =  0.1125E-06, dt =  0.6250E-07
--| ALYA  END TIME STEP
--| ALYA  START TIME STEP 2, t=  1.125000E-07
    1. ls Iter. = 20000   ls Res. =  0.4012E-07  gloRes =  0.3675E-07  relRes =  0.4409E-01  solVar =  0.5394E+00  Hnorm =  0.2613E+04
    2. ls Iter. = 20000   ls Res. =  0.3731E-01  gloRes =  0.3130E-14  relRes =  0.3755E-08  solVar =  0.1789E-03  Hnorm =  0.2613E+04
    3. ls Iter. = 20000   ls Res. =  0.5567E-01  gloRes =  0.1152E-15  relRes =  0.1382E-09  solVar =  0.1334E-04  Hnorm =  0.2613E+04
 hola
    4. ls Iter. = 20000   ls Res. =  0.3602E+00  gloRes =  0.6422E-17  relRes =  0.7704E-11  solVar =  0.1192E-05  Hnorm =  0.2613E+04
 hola
 hola
 hola
 hola
 hola
 hola
 hola
 hola
 hola
 hola
 hola
 hola
 hola
 hola
 hola
 hola
